::1 - - [09/Jun/2020:18:23:36 +0000] "GET / HTTP/1.1" 200 24355 "-" "Mozilla/5.0 (Windows NT 10.0; Win64; x64) AppleWebKit/537.36 (KHTML, like Gecko) Chrome/83.0.4103.97 Safari/537.36"
::1 - - [09/Jun/2020:18:24:38 +0000] "GET /users/profile/5ea04aaa171a0820b4409ed9 HTTP/1.1" 200 1959 "http://localhost:8000/" "Mozilla/5.0 (Windows NT 10.0; Win64; x64) AppleWebKit/537.36 (KHTML, like Gecko) Chrome/83.0.4103.97 Safari/537.36"
::1 - - [09/Jun/2020:18:25:25 +0000] "POST /likes/toggle/?id=5eb27cd9d15dc34744706a07&type=Post HTTP/1.1" 200 58 "http://localhost:8000/" "Mozilla/5.0 (Windows NT 10.0; Win64; x64) AppleWebKit/537.36 (KHTML, like Gecko) Chrome/83.0.4103.97 Safari/537.36"
::1 - - [09/Jun/2020:19:05:09 +0000] "GET / HTTP/1.1" 200 24355 "-" "Mozilla/5.0 (Windows NT 10.0; Win64; x64) AppleWebKit/537.36 (KHTML, like Gecko) Chrome/83.0.4103.97 Safari/537.36"
::1 - - [09/Jun/2020:19:05:09 +0000] "GET /css/layout.css HTTP/1.1" 404 153 "http://localhost:8000/" "Mozilla/5.0 (Windows NT 10.0; Win64; x64) AppleWebKit/537.36 (KHTML, like Gecko) Chrome/83.0.4103.97 Safari/537.36"
::1 - - [09/Jun/2020:19:05:09 +0000] "GET /css/header.css HTTP/1.1" 404 153 "http://localhost:8000/" "Mozilla/5.0 (Windows NT 10.0; Win64; x64) AppleWebKit/537.36 (KHTML, like Gecko) Chrome/83.0.4103.97 Safari/537.36"
::1 - - [09/Jun/2020:19:05:09 +0000] "GET /css/footer.css HTTP/1.1" 404 153 "http://localhost:8000/" "Mozilla/5.0 (Windows NT 10.0; Win64; x64) AppleWebKit/537.36 (KHTML, like Gecko) Chrome/83.0.4103.97 Safari/537.36"
::1 - - [09/Jun/2020:19:05:09 +0000] "GET /css/home.css HTTP/1.1" 404 151 "http://localhost:8000/" "Mozilla/5.0 (Windows NT 10.0; Win64; x64) AppleWebKit/537.36 (KHTML, like Gecko) Chrome/83.0.4103.97 Safari/537.36"
::1 - - [09/Jun/2020:19:05:09 +0000] "GET /css/chat_box.css HTTP/1.1" 404 155 "http://localhost:8000/" "Mozilla/5.0 (Windows NT 10.0; Win64; x64) AppleWebKit/537.36 (KHTML, like Gecko) Chrome/83.0.4103.97 Safari/537.36"
::1 - - [09/Jun/2020:19:05:09 +0000] "GET /js/home_post.js HTTP/1.1" 404 154 "http://localhost:8000/" "Mozilla/5.0 (Windows NT 10.0; Win64; x64) AppleWebKit/537.36 (KHTML, like Gecko) Chrome/83.0.4103.97 Safari/537.36"
::1 - - [09/Jun/2020:19:05:09 +0000] "GET /js/home_post_comments.js HTTP/1.1" 404 163 "http://localhost:8000/" "Mozilla/5.0 (Windows NT 10.0; Win64; x64) AppleWebKit/537.36 (KHTML, like Gecko) Chrome/83.0.4103.97 Safari/537.36"
::1 - - [09/Jun/2020:19:05:09 +0000] "GET /js/toggle_likes.js HTTP/1.1" 404 157 "http://localhost:8000/" "Mozilla/5.0 (Windows NT 10.0; Win64; x64) AppleWebKit/537.36 (KHTML, like Gecko) Chrome/83.0.4103.97 Safari/537.36"
::1 - - [09/Jun/2020:19:05:09 +0000] "GET /js/chat_engine.js HTTP/1.1" 404 156 "http://localhost:8000/" "Mozilla/5.0 (Windows NT 10.0; Win64; x64) AppleWebKit/537.36 (KHTML, like Gecko) Chrome/83.0.4103.97 Safari/537.36"
::1 - - [09/Jun/2020:19:05:09 +0000] "GET /js/home_post.js HTTP/1.1" 404 154 "http://localhost:8000/" "Mozilla/5.0 (Windows NT 10.0; Win64; x64) AppleWebKit/537.36 (KHTML, like Gecko) Chrome/83.0.4103.97 Safari/537.36"
::1 - - [09/Jun/2020:19:05:09 +0000] "GET /js/toggle_likes.js HTTP/1.1" 404 157 "http://localhost:8000/" "Mozilla/5.0 (Windows NT 10.0; Win64; x64) AppleWebKit/537.36 (KHTML, like Gecko) Chrome/83.0.4103.97 Safari/537.36"
::1 - - [09/Jun/2020:19:05:09 +0000] "GET /js/chat_engine.js HTTP/1.1" 404 156 "http://localhost:8000/" "Mozilla/5.0 (Windows NT 10.0; Win64; x64) AppleWebKit/537.36 (KHTML, like Gecko) Chrome/83.0.4103.97 Safari/537.36"
[0mGET / [32m200[0m 164.780 ms - 17384[0m
[0mGET /js/home_post.js [33m404[0m 21.563 ms - 154[0m
[0mGET /js/home_post_comments.js [33m404[0m 18.665 ms - 163[0m
[0mGET /js/toggle_likes.js [33m404[0m 6.637 ms - 157[0m
[0mGET /js/chat_engine.js [33m404[0m 10.177 ms - 156[0m
[0mGET /js/home_post.js [33m404[0m 4.072 ms - 154[0m
[0mGET /js/toggle_likes.js [33m404[0m 3.044 ms - 157[0m
[0mGET /js/chat_engine.js [33m404[0m 3.575 ms - 156[0m
[0mGET /favicon.ico [33m404[0m 2.162 ms - 150[0m
[0mGET /users/sign-in [36m304[0m 20.411 ms - -[0m
[0mGET /css/layout.css [33m404[0m 12.770 ms - 153[0m
[0mGET /css/header.css [33m404[0m 16.799 ms - 153[0m
[0mGET /css/footer.css [33m404[0m 19.333 ms - 153[0m
[0mPOST /users/create-session [36m302[0m 24.091 ms - 46[0m
[0mGET / [32m200[0m 94.396 ms - 24560[0m
[0mGET /js/home_post_comments.js [33m404[0m 27.675 ms - 163[0m
[0mGET /css/layout.css [33m404[0m 27.708 ms - 153[0m
[0mGET /css/header.css [33m404[0m 82.356 ms - 153[0m
[0mGET /css/home.css [33m404[0m 79.457 ms - 151[0m
[0mGET /css/footer.css [33m404[0m 110.698 ms - 153[0m
[0mGET /css/chat_box.css [33m404[0m 116.736 ms - 155[0m
[0mGET /js/toggle_likes.js [33m404[0m 56.048 ms - 157[0m
[0mGET /js/home_post.js [33m404[0m 91.518 ms - 154[0m
[0mGET /js/chat_engine.js [33m404[0m 25.763 ms - 156[0m
[0mGET /js/toggle_likes.js [33m404[0m 7.290 ms - 157[0m
[0mGET /js/chat_engine.js [33m404[0m 8.674 ms - 156[0m
[0mGET / [32m200[0m 187.375 ms - 17384[0m
[0mGET /js/home_post_comments.js [33m404[0m 36.199 ms - 163[0m
[0mGET /js/home_post.js [33m404[0m 19.340 ms - 154[0m
[0mGET /js/toggle_likes.js [33m404[0m 17.078 ms - 157[0m
[0mGET /js/chat_engine.js [33m404[0m 18.568 ms - 156[0m
[0mGET /css/layout.css [33m404[0m 12.011 ms - 153[0m
[0mGET /css/header.css [33m404[0m 10.949 ms - 153[0m
[0mGET /css/footer.css [33m404[0m 11.970 ms - 153[0m
[0mGET /css/home.css [33m404[0m 20.991 ms - 151[0m
[0mGET /css/chat_box.css [33m404[0m 21.417 ms - 155[0m
[0mGET /users/sign-in [36m304[0m 19.305 ms - -[0m
[0mGET /css/header.css [33m404[0m 13.716 ms - 153[0m
[0mGET /css/layout.css [33m404[0m 17.411 ms - 153[0m
[0mGET /css/footer.css [33m404[0m 18.728 ms - 153[0m
